<?xml version="1.0" encoding="UTF-8"?>
<!-- Generated by org.testng.reporters.JUnitXMLReporter -->
<testsuite hostname="Aneel" failures="1" tests="1" name="Login Test" time="0.404" errors="0" timestamp="12 Dec 2018 17:46:42 GMT">
  <testcase classname="com.parameters.test.LoginTest" name="login" time="0.32">
    <failure type="org.openqa.selenium.WebDriverException" message="Cannot find firefox binary in PATH. Make sure firefox is installed. OS appears to be: WIN8_1
Build info: version: &amp;apos;3.141.59&amp;apos;, revision: &amp;apos;e82be7d358&amp;apos;, time: &amp;apos;2018-11-14T08:17:03&amp;apos;
System info: host: &amp;apos;ANEEL&amp;apos;, ip: &amp;apos;192.168.56.1&amp;apos;, os.name: &amp;apos;Windows 8.1&amp;apos;, os.arch: &amp;apos;amd64&amp;apos;, os.version: &amp;apos;6.3&amp;apos;, java.version: &amp;apos;9.0.1&amp;apos;
Driver info: driver.version: FirefoxDriver">
      <![CDATA[org.openqa.selenium.WebDriverException: Cannot find firefox binary in PATH. Make sure firefox is installed. OS appears to be: WIN8_1
Build info: version: '3.141.59', revision: 'e82be7d358', time: '2018-11-14T08:17:03'
System info: host: 'ANEEL', ip: '192.168.56.1', os.name: 'Windows 8.1', os.arch: 'amd64', os.version: '6.3', java.version: '9.0.1'
Driver info: driver.version: FirefoxDriver
	at org.openqa.selenium.firefox.FirefoxBinary.<init>(FirefoxBinary.java:100)
	at java.base/java.util.Optional.orElseGet(Unknown Source)
	at org.openqa.selenium.firefox.FirefoxOptions.getBinary(FirefoxOptions.java:216)
	at org.openqa.selenium.firefox.FirefoxDriver.toExecutor(FirefoxDriver.java:187)
	at org.openqa.selenium.firefox.FirefoxDriver.<init>(FirefoxDriver.java:147)
	at org.openqa.selenium.firefox.FirefoxDriver.<init>(FirefoxDriver.java:125)
	at com.parameters.test.LoginTest.login(LoginTest.java:23)
... Removed 24 stack frames]]>
    </failure>
  </testcase> <!-- login -->
</testsuite> <!-- Login Test -->
