<?xml version="1.0" encoding="UTF-8"?>
<!-- Generated by org.testng.reporters.JUnitXMLReporter -->
<testsuite hostname="Aneel" failures="0" tests="4" name="Surefire test" time="76.708" errors="0" timestamp="11 Dec 2018 04:13:08 GMT">
  <testcase classname="com.maven.project.SumTest" name="diff" time="0.02"/>
  <testcase classname="com.maven.project.SumTest" name="mul" time="0.0"/>
  <testcase classname="com.maven.project.SumTest" name="sum" time="0.001"/>
  <testcase classname="com.maven.project.Test1$FirstTest" name="home" time="1.768"/>
</testsuite> <!-- Surefire test -->
